make all --print-data-base --no-builtin-variables --no-builtin-rules --question
make: *** No rule to make target 'all'.  Stop.

# GNU Make 4.2.1
# Built for x86_64-pc-linux-gnu
# Copyright (C) 1988-2016 Free Software Foundation, Inc.
# License GPLv3+: GNU GPL version 3 or later <http://gnu.org/licenses/gpl.html>
# This is free software: you are free to change and redistribute it.
# There is NO WARRANTY, to the extent permitted by law.

# Make data base, printed on Thu Jun 30 12:02:02 2022

# Variables

# automatic
<D = $(patsubst %/,%,$(dir $<))
# automatic
?F = $(notdir $?)
# environment
DESKTOP_SESSION = deepin
# default
.SHELLFLAGS := -c
# makefile (from 'Makefile', line 8)
RELEASE_FLAGS = -O3 -s
# environment
XDG_SESSION_CLASS = user
# environment
SNAP_COMMON = /var/snap/code/common
# environment
XDG_SESSION_TYPE = x11
# environment
VSCODE_LOG_NATIVE = false
# automatic
?D = $(patsubst %/,%,$(dir $?))
# automatic
@D = $(patsubst %/,%,$(dir $@))
# environment
XAUTHORITY = /home/pablo/.Xauthority
# environment
GDMSESSION = deepin
# environment
XMODIFIERS = @im=fcitx
# makefile
CURDIR := /home/pablo/Documents/Coding/C++/Discord bot
# makefile
SHELL = /bin/sh
# environment
SNAP_DATA = /var/snap/code/99
# environment
VSCODE_NLS_CONFIG = {"locale":"en-us","availableLanguages":{},"_languagePackSupport":true}
# makefile (from 'Makefile', line 4)
CFLAGS = -std=gnu++2a -ldpp -I ../DPP/include -Wall -Wextra -pthread
# environment
SNAP_INSTANCE_NAME = code
# environment
SNAP_ARCH = amd64
# makefile (from 'Makefile', line 1)
MAKEFILE_LIST :=  Makefile
# automatic
@F = $(notdir $@)
# environment
GIO_LAUNCHED_DESKTOP_FILE = /var/lib/snapd/desktop/applications/code_code.desktop
# 'override' directive
GNUMAKEFLAGS := 
# environment
XDG_DATA_DIRS = /home/pablo/.local/share/flatpak/exports/share:/var/lib/flatpak/exports/share:/usr/local/share:/usr/share:/var/lib/snapd/desktop
# environment
DBUS_SESSION_BUS_ADDRESS = unix:path=/run/user/1000/bus
# environment
VSCODE_VERBOSE_LOGGING = true
# environment
QT_SCREEN_SCALE_FACTORS = 1
# environment
QT_LOGGING_RULES = *.debug=false
# environment
CLUTTER_IM_MODULE = fcitx
# environment
VSCODE_IPC_HOOK_EXTHOST = /run/user/1000/snap.code/vscode-ipc-5b6caef7-7cf1-4ff5-95a4-9aa5ed67d290.sock
# makefile (from 'Makefile', line 3)
CPP = g++
# environment
VSCODE_CWD = /home/pablo
# environment
XDG_SESSION_PATH = /org/freedesktop/DisplayManager/Session0
# environment
GSETTINGS_SCHEMA_DIR = /snap/code/99/usr/share/glib-2.0/schemas
# default
MAKE_HOST := x86_64-pc-linux-gnu
# environment
PATH = /usr/local/bin:/usr/bin:/bin:/usr/local/games:/usr/games:/sbin:/usr/sbin:/snap/bin
# environment
GPG_AGENT_INFO = /run/user/1000/gnupg/S.gpg-agent:0:1
# environment
XDG_RUNTIME_DIR = /run/user/1000/snap.code
# environment
GDK_PIXBUF_MODULE_FILE = /home/pablo/snap/code/common/.cache/gdk-pixbuf-loaders.cache
# environment
SNAP = /snap/code/99
# environment
SNAP_VERSION = 30d9c6cd
# environment
VSCODE_LOG_STACK = false
# environment
DISABLE_WAYLAND = 1
# environment
ELECTRON_RUN_AS_NODE = 1
# environment
GDK_PIXBUF_MODULEDIR = /snap/code/99/usr/lib/x86_64-linux-gnu/gdk-pixbuf-2.0/2.10.0/loaders
# default
.FEATURES := target-specific order-only second-expansion else-if shortest-stem undefine oneshell archives jobserver output-sync check-symlink load
# environment
XDG_GREETER_DATA_DIR = /var/lib/lightdm/data/pablo
# environment
XDG_SESSION_DESKTOP = deepin
# environment
SSH_AUTH_SOCK = /run/user/1000/keyring/ssh
# environment
GIO_LAUNCHED_DESKTOP_FILE_PID = 460834
# automatic
%F = $(notdir $%)
# environment
DISPLAY = :0
# environment
GTK_IM_MODULE = fcitx
# environment
VSCODE_PIPE_LOGGING = true
# environment
SNAP_INSTANCE_KEY = 
# environment
PWD = /home/pablo/Documents/Coding/C++/Discord bot
# default
.LOADED := 
# environment
XDG_SEAT = seat0
# environment
ORIGINAL_XDG_CURRENT_DESKTOP = Deepin
# environment
VSCODE_AMD_ENTRYPOINT = vs/workbench/api/node/extensionHostProcess
# environment
HOME = /home/pablo
# environment
XDG_CACHE_HOME = /home/pablo/.cache
# environment
VSCODE_CLI = 1
# environment
VSCODE_CODE_CACHE_PATH = /home/pablo/.config/Code/CachedData/30d9c6cd9483b2cc586687151bcbcd635f373630
# environment
LOGNAME = pablo
# environment
QT_LINUX_ACCESSIBILITY_ALWAYS_ON = 1
# environment
APPLICATION_INSIGHTS_NO_DIAGNOSTIC_CHANNEL = true
# environment
SNAP_LIBRARY_PATH = /var/lib/snapd/lib/gl:/var/lib/snapd/lib/gl32:/var/lib/snapd/void
# environment
SNAP_CONTEXT = Rr1p07mKYYRwY2r7fXqP08gTT5XfMbR90kq7R2G3d7ch
# environment
ELECTRON_NO_ATTACH_CONSOLE = 1
# environment
SNAP_USER_COMMON = /home/pablo/snap/code/common
# environment
VSCODE_HANDLES_UNCAUGHT_ERRORS = true
# default
MAKE_VERSION := 4.2.1
# environment
GNOME_DESKTOP_SESSION_ID = this-is-deprecated
# automatic
^D = $(patsubst %/,%,$(dir $^))
# environment
XDG_VTNR = 1
# environment
MAKELEVEL := 0
# default
MAKE = $(MAKE_COMMAND)
# default
MAKECMDGOALS := all
# environment
QT_IM_MODULE = fcitx
# makefile (from 'Makefile', line 5)
DEBUG_OUTFILE = bin/debug
# environment
SNAP_USER_DATA = /home/pablo/snap/code/99
# environment
SHLVL = 0
# environment
QT_QPA_PLATFORM = xcb
# environment
XDG_SESSION_ID = 2
# environment
USER = pablo
# environment
SNAP_REVISION = 99
# makefile
.DEFAULT_GOAL := build_debug
# environment
XDG_CURRENT_DESKTOP = Deepin
# automatic
%D = $(patsubst %/,%,$(dir $%))
# makefile (from 'Makefile', line 6)
RELEASE_OUTFILE = bin/release
# default
MAKE_COMMAND := make
# default
.VARIABLES := 
# automatic
*F = $(notdir $*)
# environment
LANGUAGE = en_US
# environment
XDG_SEAT_PATH = /org/freedesktop/DisplayManager/Seat0
# environment
VSCODE_IPC_HOOK = /run/user/1000/snap.code/vscode-6c27201a-1.68.1-main.sock
# environment
BAMF_DESKTOP_FILE_HINT = /var/lib/snapd/desktop/applications/code_code.desktop
# makefile
MAKEFLAGS = pqrR
# environment
MFLAGS = -pqrR
# automatic
*D = $(patsubst %/,%,$(dir $*))
# makefile (from 'Makefile', line 9)
MAIN = src/main.cpp
# automatic
+D = $(patsubst %/,%,$(dir $+))
# environment
GDK_BACKEND = x11
# automatic
+F = $(notdir $+)
# environment
QT_DBL_CLICK_DIST = 15
# environment
QT_ACCESSIBILITY = 1
# default
MAKEFILES := 
# environment
SNAP_COOKIE = Rr1p07mKYYRwY2r7fXqP08gTT5XfMbR90kq7R2G3d7ch
# automatic
<F = $(notdir $<)
# makefile (from 'Makefile', line 7)
DEBUG_FLAGS = -g -O0
# environment
XDG_CONFIG_HOME = /home/pablo/.config
# environment
SNAP_NAME = code
# environment
LC_ALL = C
# automatic
^F = $(notdir $^)
# environment
XDG_DATA_HOME = /home/pablo/.local/share
# default
SUFFIXES := 
# environment
SNAP_REEXEC = 
# environment
CHROME_DESKTOP = code-url-handler.desktop
# environment
D_DXCB_FORCE_OVERRIDE_HIDPI = 1
# default
.INCLUDE_DIRS = /usr/include /usr/local/include /usr/include
# default
.RECIPEPREFIX := 
# environment
LANG = C
# environment
VSCODE_PID = 460896
# variable set hash-table stats:
# Load=126/1024=12%, Rehash=0, Collisions=11/153=7%

# Pattern-specific Variable Values

# No pattern-specific variable values.

# Directories

# . (device 2053, inode 5511463): 11 files, no impossibilities.

# 11 files, no impossibilities in 1 directories.

# Implicit Rules

# No implicit rules.

# Files

build_debug: src/main.cpp
#  Implicit rule search has not been done.
#  Modification time never checked.
#  File has not been updated.
#  recipe to execute (from 'Makefile', line 12):
	export GCC_COLORS='error=01;31:warning=01;35:note=01;36:caret=01;32:locus=01:quote=01'; \
	$(CPP) $(CFLAGS) -o $(DEBUG_OUTFILE) $(MAIN) $(DEBUG_FLAGS)

# Not a target:
all:
#  Command line target.
#  Implicit rule search has been done.
#  File does not exist.
#  File has not been updated.

build_release: src/main.cpp
#  Implicit rule search has not been done.
#  Modification time never checked.
#  File has not been updated.
#  recipe to execute (from 'Makefile', line 16):
	export GCC_COLORS='error=01;31:warning=01;35:note=01;36:caret=01;32:locus=01:quote=01'; \
	$(CPP) $(CFLAGS) -o $(RELEASE_OUTFILE) $(MAIN) $(RELEASE_FLAGS)

# Not a target:
Makefile:
#  Implicit rule search has been done.
#  Last modified 2022-06-26 13:12:35.590661865
#  File has been updated.
#  Successfully updated.

# Not a target:
.DEFAULT:
#  Implicit rule search has not been done.
#  Modification time never checked.
#  File has not been updated.

# Not a target:
src/main.cpp:
#  Implicit rule search has not been done.
#  Modification time never checked.
#  File has not been updated.

# files hash-table stats:
# Load=7/1024=1%, Rehash=0, Collisions=0/19=0%
# VPATH Search Paths

# No 'vpath' search paths.

# No general ('VPATH' variable) search path.

# strcache buffers: 1 (0) / strings = 19 / storage = 175 B / avg = 9 B
# current buf: size = 8162 B / used = 175 B / count = 19 / avg = 9 B

# strcache performance: lookups = 26 / hit rate = 26%
# hash-table stats:
# Load=19/8192=0%, Rehash=0, Collisions=1/26=4%
# Finished Make data base on Thu Jun 30 12:02:02 2022

 
